2023/01/31 15:31:38 INFO  - jmeter.util.JMeterUtils: Setting Locale to en_US 
2023/01/31 15:31:38 INFO  - jmeter.JMeter: Loading user properties from: /usr/share/jmeter/bin/user.properties 
2023/01/31 15:31:38 INFO  - jmeter.JMeter: Loading system properties from: /usr/share/jmeter/bin/system.properties 
2023/01/31 15:31:38 INFO  - jmeter.JMeter: Copyright (c) 1998-2015 The Apache Software Foundation 
2023/01/31 15:31:38 INFO  - jmeter.JMeter: Version 2.13.19691222 
2023/01/31 15:31:38 INFO  - jmeter.JMeter: java.version=1.8.0_352 
2023/01/31 15:31:38 INFO  - jmeter.JMeter: java.vm.name=OpenJDK 64-Bit Server VM 
2023/01/31 15:31:38 INFO  - jmeter.JMeter: os.name=Linux 
2023/01/31 15:31:38 INFO  - jmeter.JMeter: os.arch=amd64 
2023/01/31 15:31:38 INFO  - jmeter.JMeter: os.version=5.15.0-58-generic 
2023/01/31 15:31:38 INFO  - jmeter.JMeter: file.encoding=UTF-8 
2023/01/31 15:31:38 INFO  - jmeter.JMeter: Default Locale=English (United States) 
2023/01/31 15:31:38 INFO  - jmeter.JMeter: JMeter  Locale=English (United States) 
2023/01/31 15:31:38 INFO  - jmeter.JMeter: JMeterHome=/usr/share/jmeter 
2023/01/31 15:31:38 INFO  - jmeter.JMeter: user.dir  =/mnt/ssd-projects/workspace-SAG-UCSCommon/TomeeJohnzonBugReproducer 
2023/01/31 15:31:38 INFO  - jmeter.JMeter: PWD       =/mnt/ssd-projects/workspace-SAG-UCSCommon/TomeeJohnzonBugReproducer 
2023/01/31 15:31:38 INFO  - jmeter.JMeter: IP: 127.0.1.1 Name: rtplinux-36zv0r3 FullName: rtplinux-36zv0r3.courtnet.org 
2023/01/31 15:31:38 INFO  - jmeter.gui.action.LookAndFeelCommand: Using look and feel: javax.swing.plaf.metal.MetalLookAndFeel [Metal, CrossPlatform, System] 
2023/01/31 15:31:38 INFO  - jmeter.JMeter: Loaded icon properties from org/apache/jmeter/images/icon.properties 
2023/01/31 15:31:38 INFO  - jmeter.engine.util.CompoundVariable: Note: Function class names must contain the string: '.functions.' 
2023/01/31 15:31:38 INFO  - jmeter.engine.util.CompoundVariable: Note: Function class names must not contain the string: '.gui.' 
2023/01/31 15:31:39 INFO  - jmeter.util.BSFTestElement: Registering JMeter version of JavaScript engine as work-round for BSF-22 
2023/01/31 15:31:39 INFO  - jmeter.protocol.http.sampler.HTTPSamplerBase: Cannot find .className property for htmlParser, using default 
2023/01/31 15:31:39 INFO  - jmeter.protocol.http.sampler.HTTPSamplerBase: Parser for text/html is  
2023/01/31 15:31:39 INFO  - jmeter.protocol.http.sampler.HTTPSamplerBase: Parser for application/xhtml+xml is  
2023/01/31 15:31:39 INFO  - jmeter.protocol.http.sampler.HTTPSamplerBase: Parser for application/xml is  
2023/01/31 15:31:39 INFO  - jmeter.protocol.http.sampler.HTTPSamplerBase: Parser for text/xml is  
2023/01/31 15:31:39 INFO  - jmeter.protocol.http.sampler.HTTPSamplerBase: Parser for text/vnd.wap.wml is org.apache.jmeter.protocol.http.parser.RegexpHTMLParser 
2023/01/31 15:31:39 INFO  - jmeter.gui.util.MenuFactory: Skipping org.apache.jmeter.protocol.http.modifier.gui.ParamModifierGui 
2023/01/31 15:31:39 INFO  - jorphan.exec.KeyToolUtils: keytool found at 'keytool' 
2023/01/31 15:31:39 INFO  - jmeter.protocol.http.proxy.ProxyControl: HTTP(S) Test Script Recorder SSL Proxy will use keys that support embedded 3rd party resources in file /usr/share/jmeter/bin/proxyserver.jks 
2023/01/31 15:31:39 INFO  - jmeter.samplers.SampleResult: Note: Sample TimeStamps are START times 
2023/01/31 15:31:39 INFO  - jmeter.samplers.SampleResult: sampleresult.default.encoding is set to ISO-8859-1 
2023/01/31 15:31:39 INFO  - jmeter.samplers.SampleResult: sampleresult.useNanoTime=true 
2023/01/31 15:31:39 INFO  - jmeter.samplers.SampleResult: sampleresult.nanoThreadSleep=5000 
2023/01/31 15:44:54 INFO  - jmeter.services.FileServer: Default base='/mnt/ssd-projects/workspace-SAG-UCSCommon/TomeeJohnzonBugReproducer' 
2023/01/31 15:44:54 INFO  - jmeter.services.FileServer: Set new base='/mnt/ssd-projects/workspace-SAG-UCSCommon/TomeeJohnzonBugReproducer' 
2023/01/31 15:44:54 INFO  - jmeter.save.SaveService: Testplan (JMX) version: 2.2. Testlog (JTL) version: 2.2 
2023/01/31 15:44:54 INFO  - jmeter.save.SaveService: Using SaveService properties file encoding UTF-8 
2023/01/31 15:44:54 INFO  - jmeter.save.SaveService: Using SaveService properties file version 1656252 
2023/01/31 15:44:54 INFO  - jmeter.save.SaveService: Using SaveService properties version 2.8 
2023/01/31 15:44:54 INFO  - jmeter.save.SaveService: All converter versions present and correct 
2023/01/31 15:44:54 INFO  - jmeter.engine.StandardJMeterEngine: Listeners will be started after enabling running version 
2023/01/31 15:44:54 INFO  - jmeter.engine.StandardJMeterEngine: To revert to the earlier behaviour, define jmeterengine.startlistenerslater=false 
2023/01/31 15:44:54 INFO  - jmeter.engine.StandardJMeterEngine: Running the test! 
2023/01/31 15:44:54 INFO  - jmeter.samplers.SampleEvent: List of sample_variables: [] 
2023/01/31 15:44:54 INFO  - jmeter.samplers.SampleEvent: List of sample_variables: [] 
2023/01/31 15:44:54 INFO  - jmeter.gui.util.JMeterMenuBar: setRunning(true,*local*) 
2023/01/31 15:44:54 INFO  - jmeter.engine.StandardJMeterEngine: Starting ThreadGroup: 1 : Thread Group 
2023/01/31 15:44:54 INFO  - jmeter.engine.StandardJMeterEngine: Starting 1 threads for group Thread Group. 
2023/01/31 15:44:54 INFO  - jmeter.engine.StandardJMeterEngine: Thread will continue on error 
2023/01/31 15:44:54 INFO  - jmeter.threads.ThreadGroup: Starting thread group number 1 threads 1 ramp-up 1 perThread 1000.0 delayedStart=false 
2023/01/31 15:44:54 INFO  - jmeter.threads.JMeterThread: jmeterthread.startearlier=true (see jmeter.properties) 
2023/01/31 15:44:54 INFO  - jmeter.threads.JMeterThread: Running PostProcessors in forward order 
2023/01/31 15:44:54 INFO  - jmeter.threads.ThreadGroup: Started thread group number 1 
2023/01/31 15:44:54 INFO  - jmeter.engine.StandardJMeterEngine: All thread groups have been started 
2023/01/31 15:44:54 INFO  - jmeter.threads.JMeterThread: Thread started: Thread Group 1-1 
2023/01/31 15:44:54 INFO  - jmeter.protocol.http.sampler.HTTPHCAbstractImpl: Local host = rtplinux-36zv0r3 
2023/01/31 15:44:54 INFO  - jmeter.protocol.http.sampler.HTTPHC4Impl: HTTP request retry count = 0 
2023/01/31 15:44:54 INFO  - jmeter.protocol.http.sampler.HTTPHC4Impl: Setting up HTTPS TrustAll scheme 
2023/01/31 15:44:54 INFO  - jmeter.util.JsseSSLManager: Using default SSL protocol: TLS 
2023/01/31 15:44:54 INFO  - jmeter.util.JsseSSLManager: SSL session context: per-thread 
2023/01/31 15:44:54 INFO  - jmeter.threads.JMeterThread: Thread is done: Thread Group 1-1 
2023/01/31 15:44:54 INFO  - jmeter.threads.JMeterThread: Thread finished: Thread Group 1-1 
2023/01/31 15:44:54 INFO  - jmeter.engine.StandardJMeterEngine: Notifying test listeners of end of test 
2023/01/31 15:44:54 INFO  - jmeter.gui.util.JMeterMenuBar: setRunning(false,*local*) 
2023/01/31 15:45:16 INFO  - jmeter.engine.StandardJMeterEngine: Running the test! 
2023/01/31 15:45:16 INFO  - jmeter.samplers.SampleEvent: List of sample_variables: [] 
2023/01/31 15:45:16 INFO  - jmeter.gui.util.JMeterMenuBar: setRunning(true,*local*) 
2023/01/31 15:45:17 INFO  - jmeter.engine.StandardJMeterEngine: Starting ThreadGroup: 1 : Thread Group 
2023/01/31 15:45:17 INFO  - jmeter.engine.StandardJMeterEngine: Starting 10 threads for group Thread Group. 
2023/01/31 15:45:17 INFO  - jmeter.engine.StandardJMeterEngine: Thread will continue on error 
2023/01/31 15:45:17 INFO  - jmeter.threads.ThreadGroup: Starting thread group number 1 threads 10 ramp-up 1 perThread 100.0 delayedStart=false 
2023/01/31 15:45:17 INFO  - jmeter.threads.JMeterThread: Thread started: Thread Group 1-1 
2023/01/31 15:45:17 INFO  - jmeter.threads.ThreadGroup: Started thread group number 1 
2023/01/31 15:45:17 INFO  - jmeter.engine.StandardJMeterEngine: All thread groups have been started 
2023/01/31 15:45:17 INFO  - jmeter.threads.JMeterThread: Thread started: Thread Group 1-2 
2023/01/31 15:45:17 INFO  - jmeter.threads.JMeterThread: Thread started: Thread Group 1-3 
2023/01/31 15:45:17 INFO  - jmeter.threads.JMeterThread: Thread started: Thread Group 1-4 
2023/01/31 15:45:17 INFO  - jmeter.threads.JMeterThread: Thread started: Thread Group 1-5 
2023/01/31 15:45:17 INFO  - jmeter.threads.JMeterThread: Thread started: Thread Group 1-6 
2023/01/31 15:45:17 INFO  - jmeter.threads.JMeterThread: Thread started: Thread Group 1-7 
2023/01/31 15:45:17 INFO  - jmeter.threads.JMeterThread: Thread started: Thread Group 1-8 
2023/01/31 15:45:17 INFO  - jmeter.threads.JMeterThread: Thread started: Thread Group 1-9 
2023/01/31 15:45:17 INFO  - jmeter.threads.JMeterThread: Thread started: Thread Group 1-10 
2023/01/31 15:45:21 INFO  - jmeter.gui.action.Start: Shutting test down 
2023/01/31 15:45:21 INFO  - jmeter.threads.JMeterThread: Stopping: Thread Group 1-8 
2023/01/31 15:45:21 INFO  - jmeter.threads.JMeterThread: Stopping: Thread Group 1-1 
2023/01/31 15:45:21 INFO  - jmeter.threads.JMeterThread: Stopping: Thread Group 1-4 
2023/01/31 15:45:21 INFO  - jmeter.threads.JMeterThread: Stopping: Thread Group 1-7 
2023/01/31 15:45:21 INFO  - jmeter.threads.JMeterThread: Stopping: Thread Group 1-6 
2023/01/31 15:45:21 INFO  - jmeter.threads.JMeterThread: Stopping: Thread Group 1-9 
2023/01/31 15:45:21 INFO  - jmeter.threads.JMeterThread: Stopping: Thread Group 1-2 
2023/01/31 15:45:21 INFO  - jmeter.threads.JMeterThread: Stopping: Thread Group 1-10 
2023/01/31 15:45:21 INFO  - jmeter.threads.JMeterThread: Stopping: Thread Group 1-3 
2023/01/31 15:45:21 INFO  - jmeter.threads.JMeterThread: Stopping: Thread Group 1-5 
2023/01/31 15:45:22 INFO  - jmeter.threads.JMeterThread: Thread finished: Thread Group 1-6 
2023/01/31 15:45:22 INFO  - jmeter.threads.JMeterThread: Thread finished: Thread Group 1-7 
2023/01/31 15:45:22 INFO  - jmeter.threads.JMeterThread: Thread finished: Thread Group 1-2 
2023/01/31 15:45:23 INFO  - jmeter.threads.JMeterThread: Thread finished: Thread Group 1-1 
2023/01/31 15:45:23 INFO  - jmeter.threads.JMeterThread: Thread finished: Thread Group 1-10 
2023/01/31 15:45:23 INFO  - jmeter.threads.JMeterThread: Thread finished: Thread Group 1-5 
2023/01/31 15:45:24 INFO  - jmeter.threads.JMeterThread: Thread finished: Thread Group 1-9 
2023/01/31 15:45:24 INFO  - jmeter.threads.JMeterThread: Thread finished: Thread Group 1-3 
2023/01/31 15:45:24 INFO  - jmeter.threads.JMeterThread: Thread finished: Thread Group 1-4 
2023/01/31 15:45:24 INFO  - jmeter.threads.JMeterThread: Thread finished: Thread Group 1-8 
2023/01/31 15:45:24 INFO  - jmeter.engine.StandardJMeterEngine: Notifying test listeners of end of test 
2023/01/31 15:45:24 INFO  - jmeter.gui.util.JMeterMenuBar: setRunning(false,*local*) 
2023/01/31 15:46:35 INFO  - jmeter.engine.StandardJMeterEngine: Running the test! 
2023/01/31 15:46:35 INFO  - jmeter.samplers.SampleEvent: List of sample_variables: [] 
2023/01/31 15:46:35 INFO  - jmeter.gui.util.JMeterMenuBar: setRunning(true,*local*) 
2023/01/31 15:46:35 INFO  - jmeter.engine.StandardJMeterEngine: Starting ThreadGroup: 1 : Thread Group 
2023/01/31 15:46:35 INFO  - jmeter.engine.StandardJMeterEngine: Starting 10 threads for group Thread Group. 
2023/01/31 15:46:35 INFO  - jmeter.engine.StandardJMeterEngine: Thread will continue on error 
2023/01/31 15:46:35 INFO  - jmeter.threads.ThreadGroup: Starting thread group number 1 threads 10 ramp-up 1 perThread 100.0 delayedStart=false 
2023/01/31 15:46:35 INFO  - jmeter.threads.JMeterThread: Thread started: Thread Group 1-1 
2023/01/31 15:46:35 INFO  - jmeter.threads.ThreadGroup: Started thread group number 1 
2023/01/31 15:46:35 INFO  - jmeter.engine.StandardJMeterEngine: All thread groups have been started 
2023/01/31 15:46:35 INFO  - jmeter.threads.JMeterThread: Thread started: Thread Group 1-2 
2023/01/31 15:46:35 INFO  - jmeter.threads.JMeterThread: Thread started: Thread Group 1-3 
2023/01/31 15:46:35 INFO  - jmeter.threads.JMeterThread: Thread started: Thread Group 1-4 
2023/01/31 15:46:35 INFO  - jmeter.threads.JMeterThread: Thread started: Thread Group 1-5 
2023/01/31 15:46:35 INFO  - jmeter.threads.JMeterThread: Thread started: Thread Group 1-6 
2023/01/31 15:46:35 INFO  - jmeter.threads.JMeterThread: Thread started: Thread Group 1-7 
2023/01/31 15:46:36 INFO  - jmeter.threads.JMeterThread: Thread started: Thread Group 1-8 
2023/01/31 15:46:36 INFO  - jmeter.threads.JMeterThread: Thread started: Thread Group 1-9 
2023/01/31 15:46:36 INFO  - jmeter.threads.JMeterThread: Thread started: Thread Group 1-10 
2023/01/31 15:46:56 INFO  - jmeter.gui.action.Start: Shutting test down 
2023/01/31 15:46:56 INFO  - jmeter.threads.JMeterThread: Stopping: Thread Group 1-9 
2023/01/31 15:46:56 INFO  - jmeter.threads.JMeterThread: Stopping: Thread Group 1-2 
2023/01/31 15:46:56 INFO  - jmeter.threads.JMeterThread: Stopping: Thread Group 1-4 
2023/01/31 15:46:56 INFO  - jmeter.threads.JMeterThread: Stopping: Thread Group 1-10 
2023/01/31 15:46:56 INFO  - jmeter.threads.JMeterThread: Stopping: Thread Group 1-7 
2023/01/31 15:46:56 INFO  - jmeter.threads.JMeterThread: Stopping: Thread Group 1-6 
2023/01/31 15:46:56 INFO  - jmeter.threads.JMeterThread: Stopping: Thread Group 1-1 
2023/01/31 15:46:56 INFO  - jmeter.threads.JMeterThread: Stopping: Thread Group 1-5 
2023/01/31 15:46:56 INFO  - jmeter.threads.JMeterThread: Stopping: Thread Group 1-3 
2023/01/31 15:46:56 INFO  - jmeter.threads.JMeterThread: Stopping: Thread Group 1-8 
2023/01/31 15:46:57 INFO  - jmeter.threads.JMeterThread: Thread finished: Thread Group 1-1 
2023/01/31 15:46:57 INFO  - jmeter.threads.JMeterThread: Thread finished: Thread Group 1-5 
2023/01/31 15:46:57 INFO  - jmeter.threads.JMeterThread: Thread finished: Thread Group 1-7 
2023/01/31 15:46:57 INFO  - jmeter.threads.JMeterThread: Thread finished: Thread Group 1-6 
2023/01/31 15:46:57 INFO  - jmeter.threads.JMeterThread: Thread finished: Thread Group 1-3 
2023/01/31 15:46:57 INFO  - jmeter.threads.JMeterThread: Thread finished: Thread Group 1-9 
2023/01/31 15:46:58 INFO  - jmeter.threads.JMeterThread: Thread finished: Thread Group 1-10 
2023/01/31 15:46:58 INFO  - jmeter.threads.JMeterThread: Thread finished: Thread Group 1-2 
2023/01/31 15:46:59 INFO  - jmeter.threads.JMeterThread: Thread finished: Thread Group 1-4 
2023/01/31 15:47:59 INFO  - jmeter.threads.JMeterThread: Thread finished: Thread Group 1-8 
2023/01/31 15:47:59 INFO  - jmeter.engine.StandardJMeterEngine: Notifying test listeners of end of test 
2023/01/31 15:47:59 INFO  - jmeter.gui.util.JMeterMenuBar: setRunning(false,*local*) 
2023/01/31 15:49:10 INFO  - jmeter.engine.StandardJMeterEngine: Running the test! 
2023/01/31 15:49:10 INFO  - jmeter.samplers.SampleEvent: List of sample_variables: [] 
2023/01/31 15:49:10 INFO  - jmeter.gui.util.JMeterMenuBar: setRunning(true,*local*) 
2023/01/31 15:49:10 INFO  - jmeter.engine.StandardJMeterEngine: Starting ThreadGroup: 1 : Thread Group 
2023/01/31 15:49:10 INFO  - jmeter.engine.StandardJMeterEngine: Starting 1 threads for group Thread Group. 
2023/01/31 15:49:10 INFO  - jmeter.engine.StandardJMeterEngine: Thread will continue on error 
2023/01/31 15:49:10 INFO  - jmeter.threads.ThreadGroup: Starting thread group number 1 threads 1 ramp-up 1 perThread 1000.0 delayedStart=false 
2023/01/31 15:49:10 INFO  - jmeter.threads.ThreadGroup: Started thread group number 1 
2023/01/31 15:49:10 INFO  - jmeter.engine.StandardJMeterEngine: All thread groups have been started 
2023/01/31 15:49:10 INFO  - jmeter.threads.JMeterThread: Thread started: Thread Group 1-1 
2023/01/31 15:49:14 INFO  - jmeter.threads.JMeterThread: Thread is done: Thread Group 1-1 
2023/01/31 15:49:14 INFO  - jmeter.threads.JMeterThread: Thread finished: Thread Group 1-1 
2023/01/31 15:49:14 INFO  - jmeter.engine.StandardJMeterEngine: Notifying test listeners of end of test 
2023/01/31 15:49:14 INFO  - jmeter.gui.util.JMeterMenuBar: setRunning(false,*local*) 
2023/01/31 15:49:25 INFO  - jmeter.engine.StandardJMeterEngine: Running the test! 
2023/01/31 15:49:25 INFO  - jmeter.samplers.SampleEvent: List of sample_variables: [] 
2023/01/31 15:49:25 INFO  - jmeter.gui.util.JMeterMenuBar: setRunning(true,*local*) 
2023/01/31 15:49:25 INFO  - jmeter.engine.StandardJMeterEngine: Starting ThreadGroup: 1 : Thread Group 
2023/01/31 15:49:25 INFO  - jmeter.engine.StandardJMeterEngine: Starting 1 threads for group Thread Group. 
2023/01/31 15:49:25 INFO  - jmeter.engine.StandardJMeterEngine: Thread will continue on error 
2023/01/31 15:49:25 INFO  - jmeter.threads.ThreadGroup: Starting thread group number 1 threads 1 ramp-up 1 perThread 1000.0 delayedStart=false 
2023/01/31 15:49:25 INFO  - jmeter.threads.ThreadGroup: Started thread group number 1 
2023/01/31 15:49:25 INFO  - jmeter.engine.StandardJMeterEngine: All thread groups have been started 
2023/01/31 15:49:25 INFO  - jmeter.threads.JMeterThread: Thread started: Thread Group 1-1 
2023/01/31 15:49:28 INFO  - jmeter.threads.JMeterThread: Thread is done: Thread Group 1-1 
2023/01/31 15:49:28 INFO  - jmeter.threads.JMeterThread: Thread finished: Thread Group 1-1 
2023/01/31 15:49:28 INFO  - jmeter.engine.StandardJMeterEngine: Notifying test listeners of end of test 
2023/01/31 15:49:28 INFO  - jmeter.gui.util.JMeterMenuBar: setRunning(false,*local*) 
2023/01/31 15:49:34 INFO  - jmeter.engine.StandardJMeterEngine: Running the test! 
2023/01/31 15:49:34 INFO  - jmeter.samplers.SampleEvent: List of sample_variables: [] 
2023/01/31 15:49:34 INFO  - jmeter.gui.util.JMeterMenuBar: setRunning(true,*local*) 
2023/01/31 15:49:34 INFO  - jmeter.engine.StandardJMeterEngine: Starting ThreadGroup: 1 : Thread Group 
2023/01/31 15:49:34 INFO  - jmeter.engine.StandardJMeterEngine: Starting 1 threads for group Thread Group. 
2023/01/31 15:49:34 INFO  - jmeter.engine.StandardJMeterEngine: Thread will continue on error 
2023/01/31 15:49:34 INFO  - jmeter.threads.ThreadGroup: Starting thread group number 1 threads 1 ramp-up 1 perThread 1000.0 delayedStart=false 
2023/01/31 15:49:34 INFO  - jmeter.threads.ThreadGroup: Started thread group number 1 
2023/01/31 15:49:34 INFO  - jmeter.engine.StandardJMeterEngine: All thread groups have been started 
2023/01/31 15:49:34 INFO  - jmeter.threads.JMeterThread: Thread started: Thread Group 1-1 
2023/01/31 15:49:37 INFO  - jmeter.threads.JMeterThread: Thread is done: Thread Group 1-1 
2023/01/31 15:49:37 INFO  - jmeter.threads.JMeterThread: Thread finished: Thread Group 1-1 
2023/01/31 15:49:37 INFO  - jmeter.engine.StandardJMeterEngine: Notifying test listeners of end of test 
2023/01/31 15:49:37 INFO  - jmeter.gui.util.JMeterMenuBar: setRunning(false,*local*) 
2023/01/31 15:49:43 INFO  - jmeter.engine.StandardJMeterEngine: Running the test! 
2023/01/31 15:49:43 INFO  - jmeter.samplers.SampleEvent: List of sample_variables: [] 
2023/01/31 15:49:43 INFO  - jmeter.gui.util.JMeterMenuBar: setRunning(true,*local*) 
2023/01/31 15:49:43 INFO  - jmeter.engine.StandardJMeterEngine: Starting ThreadGroup: 1 : Thread Group 
2023/01/31 15:49:43 INFO  - jmeter.engine.StandardJMeterEngine: Starting 1 threads for group Thread Group. 
2023/01/31 15:49:43 INFO  - jmeter.engine.StandardJMeterEngine: Thread will continue on error 
2023/01/31 15:49:43 INFO  - jmeter.threads.ThreadGroup: Starting thread group number 1 threads 1 ramp-up 1 perThread 1000.0 delayedStart=false 
2023/01/31 15:49:43 INFO  - jmeter.threads.ThreadGroup: Started thread group number 1 
2023/01/31 15:49:43 INFO  - jmeter.engine.StandardJMeterEngine: All thread groups have been started 
2023/01/31 15:49:43 INFO  - jmeter.threads.JMeterThread: Thread started: Thread Group 1-1 
2023/01/31 15:54:55 INFO  - jmeter.threads.JMeterThread: Thread is done: Thread Group 1-1 
2023/01/31 15:54:55 INFO  - jmeter.threads.JMeterThread: Thread finished: Thread Group 1-1 
2023/01/31 15:54:55 INFO  - jmeter.engine.StandardJMeterEngine: Notifying test listeners of end of test 
2023/01/31 15:54:55 INFO  - jmeter.gui.util.JMeterMenuBar: setRunning(false,*local*) 
